0 info it worked if it ends with ok
1 verbose cli [ 'C:\\Program Files (x86)\\nodejs\\node.exe',
1 verbose cli   'C:\\Users\\yochoi\\AppData\\Roaming\\npm\\node_modules\\npm\\bin\\npm-cli.js',
1 verbose cli   'publish' ]
2 info using npm@3.5.3
3 info using node@v4.2.4
4 verbose publish [ '.' ]
5 silly cache add args [ '.', null ]
6 verbose cache add spec .
7 silly cache add parsed spec Result {
7 silly cache add   raw: '.',
7 silly cache add   scope: null,
7 silly cache add   name: null,
7 silly cache add   rawSpec: '.',
7 silly cache add   spec: 'C:\\Users\\yochoi\\Documents\\GitHub\\C',
7 silly cache add   type: 'directory' }
8 verbose addLocalDirectory C:\Users\yochoi\AppData\Roaming\npm-cache\@abot\C\1.0.1\package.tgz not in flight; packing
9 info lifecycle @abot/C@1.0.1~prepublish: @abot/C@1.0.1
10 silly lifecycle @abot/C@1.0.1~prepublish: no script for prepublish, continuing
11 verbose tar pack [ 'C:\\Users\\yochoi\\AppData\\Roaming\\npm-cache\\@abot\\C\\1.0.1\\package.tgz',
11 verbose tar pack   'C:\\Users\\yochoi\\Documents\\GitHub\\C' ]
12 verbose tarball C:\Users\yochoi\AppData\Roaming\npm-cache\@abot\C\1.0.1\package.tgz
13 verbose folder C:\Users\yochoi\Documents\GitHub\C
14 verbose addLocalTarball adding from inside cache C:\Users\yochoi\AppData\Roaming\npm-cache\@abot\C\1.0.1\package.tgz
15 silly cache afterAdd @abot/C@1.0.1
16 verbose afterAdd C:\Users\yochoi\AppData\Roaming\npm-cache\@abot\C\1.0.1\package\package.json not in flight; writing
17 verbose afterAdd C:\Users\yochoi\AppData\Roaming\npm-cache\@abot\C\1.0.1\package\package.json written
18 silly publish { name: '@abot/C',
18 silly publish   version: '1.0.1',
18 silly publish   description: '',
18 silly publish   repository: { type: 'git', url: 'git+https://github.com/seescode/C.git' },
18 silly publish   author: { name: 'Yong' },
18 silly publish   license: 'UNLICENSED',
18 silly publish   bugs: { url: 'https://github.com/seescode/C/issues' },
18 silly publish   homepage: 'https://github.com/seescode/C#readme',
18 silly publish   devDependencies:
18 silly publish    { angular: '1.3.x',
18 silly publish      grunt: '^0.4.5',
18 silly publish      'grunt-angular-templates': '^1.0.2',
18 silly publish      'grunt-contrib-clean': '^0.7.0',
18 silly publish      'grunt-contrib-concat': '^0.5.1',
18 silly publish      'grunt-contrib-connect': '^0.11.2',
18 silly publish      'grunt-contrib-uglify': '^0.11.0',
18 silly publish      'grunt-contrib-watch': '0.6.1',
18 silly publish      'grunt-ng-annotate': '^1.0.1',
18 silly publish      'grunt-open': '^0.2.3',
18 silly publish      'load-grunt-config': '^0.19.1' },
18 silly publish   gitHead: '509835e09435965490ae7eb37851eacf04c24cf3',
18 silly publish   readme: 'ERROR: No README data found!',
18 silly publish   _id: '@abot/C@1.0.1',
18 silly publish   scripts: {},
18 silly publish   _shasum: '797861d70c2638c47dc1e5486d0ca84f82d57437',
18 silly publish   _from: '.' }
19 verbose getPublishConfig undefined
20 silly mapToRegistry name @abot/C
21 silly mapToRegistry scope (from package name) @abot
22 silly mapToRegistry registry https://registry.npmjs.org/
23 silly mapToRegistry uri https://registry.npmjs.org/@abot%2fC
24 verbose publish registryBase https://registry.npmjs.org/
25 silly publish uploading C:\Users\yochoi\AppData\Roaming\npm-cache\@abot\C\1.0.1\package.tgz
26 verbose request uri https://registry.npmjs.org/@abot%2fC
27 verbose request sending authorization for write operation
28 info attempt registry request try #1 at 12:14:54 PM
29 verbose request using bearer token for auth
30 verbose request id fa6f7b5b0f336a1d
31 http request PUT https://registry.npmjs.org/@abot%2fC
32 http 400 https://registry.npmjs.org/@abot%2fC
33 verbose headers { 'content-type': 'application/json',
33 verbose headers   'cache-control': 'max-age=0',
33 verbose headers   'content-length': '54',
33 verbose headers   'accept-ranges': 'bytes',
33 verbose headers   date: 'Thu, 21 Jan 2016 17:14:55 GMT',
33 verbose headers   via: '1.1 varnish',
33 verbose headers   connection: 'keep-alive',
33 verbose headers   'x-served-by': 'cache-iad2122-IAD',
33 verbose headers   'x-cache': 'MISS',
33 verbose headers   'x-cache-hits': '0',
33 verbose headers   'x-timer': 'S1453396494.406844,VS0,VE922' }
34 verbose request invalidating C:\Users\yochoi\AppData\Roaming\npm-cache\registry.npmjs.org\_40abot_252fC on PUT
35 error publish Failed PUT 400
36 verbose stack Error: name can no longer contain capital letters : @abot/C
36 verbose stack     at makeError (C:\Users\yochoi\AppData\Roaming\npm\node_modules\npm\node_modules\npm-registry-client\lib\request.js:264:12)
36 verbose stack     at CachingRegistryClient.<anonymous> (C:\Users\yochoi\AppData\Roaming\npm\node_modules\npm\node_modules\npm-registry-client\lib\request.js:252:14)
36 verbose stack     at Request._callback (C:\Users\yochoi\AppData\Roaming\npm\node_modules\npm\node_modules\npm-registry-client\lib\request.js:172:14)
36 verbose stack     at Request.self.callback (C:\Users\yochoi\AppData\Roaming\npm\node_modules\npm\node_modules\request\request.js:198:22)
36 verbose stack     at emitTwo (events.js:87:13)
36 verbose stack     at Request.emit (events.js:172:7)
36 verbose stack     at Request.<anonymous> (C:\Users\yochoi\AppData\Roaming\npm\node_modules\npm\node_modules\request\request.js:1035:10)
36 verbose stack     at emitOne (events.js:82:20)
36 verbose stack     at Request.emit (events.js:169:7)
36 verbose stack     at IncomingMessage.<anonymous> (C:\Users\yochoi\AppData\Roaming\npm\node_modules\npm\node_modules\request\request.js:962:12)
37 verbose statusCode 400
38 verbose pkgid @abot/C
39 verbose cwd C:\Users\yochoi\Documents\GitHub\C
40 error Windows_NT 10.0.10586
41 error argv "C:\\Program Files (x86)\\nodejs\\node.exe" "C:\\Users\\yochoi\\AppData\\Roaming\\npm\\node_modules\\npm\\bin\\npm-cli.js" "publish"
42 error node v4.2.4
43 error npm  v3.5.3
44 error code E400
45 error name can no longer contain capital letters : @abot/C
46 error If you need help, you may report this error at:
46 error     <https://github.com/npm/npm/issues>
47 verbose exit [ 1, true ]
